#
# There is insufficient memory for the Java Runtime Environment to continue.
# Native memory allocation (malloc) failed to allocate 1048576 bytes for AllocateHeap
# Possible reasons:
#   The system is out of physical RAM or swap space
#   The process is running with CompressedOops enabled, and the Java Heap may be blocking the growth of the native heap
# Possible solutions:
#   Reduce memory load on the system
#   Increase physical memory or swap space
#   Check if swap backing store is full
#   Decrease Java heap size (-Xmx/-Xms)
#   Decrease number of Java threads
#   Decrease Java thread stack sizes (-Xss)
#   Set larger code cache with -XX:ReservedCodeCacheSize=
#   JVM is running with Unscaled Compressed Oops mode in which the Java heap is
#     placed in the first 4GB address space. The Java Heap base address is the
#     maximum limit for the native heap growth. Please use -XX:HeapBaseMinAddress
#     to set the Java Heap base and to place the Java Heap above 4GB virtual address.
# This output file may be truncated or incomplete.
#
#  Out of Memory Error (memory/allocation.inline.hpp:61), pid=14804, tid=0x0000000000003908
#
# JRE version:  (8.0_201-b09) (build )
# Java VM: Java HotSpot(TM) 64-Bit Server VM (25.201-b09 mixed mode windows-amd64 compressed oops)
# Failed to write core dump. Minidumps are not enabled by default on client versions of Windows
#

---------------  T H R E A D  ---------------

Current thread (0x0000000000c8d800):  JavaThread "Unknown thread" [_thread_in_vm, id=14600, stack(0x00000000029c0000,0x0000000002ac0000)]

Stack: [0x00000000029c0000,0x0000000002ac0000]
[error occurred during error reporting (printing stack bounds), id 0xc0000005]

Native frames: (J=compiled Java code, j=interpreted, Vv=VM code, C=native code)


---------------  P R O C E S S  ---------------

Java Threads: ( => current thread )

Other Threads:

=>0x0000000000c8d800 (exited) JavaThread "Unknown thread" [_thread_in_vm, id=14600, stack(0x00000000029c0000,0x0000000002ac0000)]

VM state:not at safepoint (normal execution)

VM Mutex/Monitor currently owned by a thread: None

heap address: 0x00000000c1600000, size: 1002 MB, Compressed Oops mode: 32-bit
Narrow klass base: 0x0000000000000000, Narrow klass shift: 3
Compressed class space size: 1073741824 Address: 0x0000000100000000

Heap:
 PSYoungGen      total 18944K, used 327K [0x00000000eb200000, 0x00000000ec700000, 0x0000000100000000)
  eden space 16384K, 2% used [0x00000000eb200000,0x00000000eb251ec8,0x00000000ec200000)
  from space 2560K, 0% used [0x00000000ec480000,0x00000000ec480000,0x00000000ec700000)
  to   space 2560K, 0% used [0x00000000ec200000,0x00000000ec200000,0x00000000ec480000)
 ParOldGen       total 44032K, used 0K [0x00000000c1600000, 0x00000000c4100000, 0x00000000eb200000)
  object space 44032K, 0% used [0x00000000c1600000,0x00000000c1600000,0x00000000c4100000)
 Metaspace       used 775K, capacity 4480K, committed 4480K, reserved 1056768K
  class space    used 76K, capacity 384K, committed 384K, reserved 1048576K

Card table byte_map: [0x0000000011f80000,0x0000000012180000] byte_map_base: 0x0000000011975000

Marking Bits: (ParMarkBitMap*) 0x0000000065bb4ce0
 Begin Bits: [0x00000000126d0000, 0x0000000013678000)
 End Bits:   [0x0000000013678000, 0x0000000014620000)

Polling page: 0x0000000000bf0000

CodeCache: size=245760Kb used=328Kb max_used=328Kb free=245431Kb
 bounds [0x0000000002bc0000, 0x0000000002e30000, 0x0000000011bc0000]
 total_blobs=58 nmethods=0 adapters=38
 compilation: enabled

Compilation events (0 events):
No events

GC Heap History (0 events):
No events

Deoptimization events (0 events):
No events

Classes redefined (0 events):
No events

Internal exceptions (0 events):
No events

Events (10 events):
Event: 0.035 loading class java/lang/Short
Event: 0.035 loading class java/lang/Short done
Event: 0.035 loading class java/lang/Integer
Event: 0.035 loading class java/lang/Integer done
Event: 0.035 loading class java/lang/Long
Event: 0.035 loading class java/lang/Long done
Event: 0.036 loading class java/lang/NullPointerException
Event: 0.036 loading class java/lang/NullPointerException done
Event: 0.036 loading class java/lang/ArithmeticException
Event: 0.036 loading class java/lang/ArithmeticException done


Dynamic libraries:
0x00007ff744ee0000 - 0x00007ff744f17000 	F:\java\bin\javaw.exe
0x00007ffcb32c0000 - 0x00007ffcb34a1000 	C:\WINDOWS\SYSTEM32\ntdll.dll
0x00007ffcb2ad0000 - 0x00007ffcb2b81000 	C:\WINDOWS\System32\KERNEL32.DLL
0x00007ffcaf580000 - 0x00007ffcaf7f3000 	C:\WINDOWS\System32\KERNELBASE.dll
0x00007ffcb0ee0000 - 0x00007ffcb0f81000 	C:\WINDOWS\System32\ADVAPI32.dll
0x00007ffcb1440000 - 0x00007ffcb14de000 	C:\WINDOWS\System32\msvcrt.dll
0x00007ffcb0d40000 - 0x00007ffcb0d9b000 	C:\WINDOWS\System32\sechost.dll
0x00007ffcb0650000 - 0x00007ffcb0774000 	C:\WINDOWS\System32\RPCRT4.dll
0x00007ffcb2d00000 - 0x00007ffcb2e90000 	C:\WINDOWS\System32\USER32.dll
0x00007ffcb0160000 - 0x00007ffcb0180000 	C:\WINDOWS\System32\win32u.dll
0x00007ffcb14e0000 - 0x00007ffcb1508000 	C:\WINDOWS\System32\GDI32.dll
0x00007ffcaff10000 - 0x00007ffcb00a2000 	C:\WINDOWS\System32\gdi32full.dll
0x00007ffcb03d0000 - 0x00007ffcb046f000 	C:\WINDOWS\System32\msvcp_win.dll
0x00007ffcb02d0000 - 0x00007ffcb03c8000 	C:\WINDOWS\System32\ucrtbase.dll
0x00007ffca16d0000 - 0x00007ffca1939000 	C:\WINDOWS\WinSxS\amd64_microsoft.windows.common-controls_6595b64144ccf1df_6.0.17134.765_none_fb42a1a930655896\COMCTL32.dll
0x00007ffcb2f00000 - 0x00007ffcb3222000 	C:\WINDOWS\System32\combase.dll
0x00007ffcb0470000 - 0x00007ffcb04ea000 	C:\WINDOWS\System32\bcryptPrimitives.dll
0x00007ffcb0b50000 - 0x00007ffcb0b7d000 	C:\WINDOWS\System32\IMM32.DLL
0x0000000066200000 - 0x00000000662d1000 	F:\java\jre\bin\msvcr100.dll
0x0000000065390000 - 0x0000000065c34000 	F:\java\jre\bin\server\jvm.dll
0x00007ffcb0180000 - 0x00007ffcb01a3000 	C:\WINDOWS\System32\WINMM.dll
0x00007ffcaf2f0000 - 0x00007ffcaf31a000 	C:\WINDOWS\System32\WINMMBASE.dll
0x00007ffcb01b0000 - 0x00007ffcb01f9000 	C:\WINDOWS\System32\cfgmgr32.dll
0x00007ffc966f0000 - 0x00007ffc966f9000 	C:\WINDOWS\SYSTEM32\WSOCK32.dll
0x00007ffcb0e40000 - 0x00007ffcb0e48000 	C:\WINDOWS\System32\PSAPI.DLL
0x00007ffcb1610000 - 0x00007ffcb167c000 	C:\WINDOWS\System32\WS2_32.dll
0x00007ffca6ba0000 - 0x00007ffca6baa000 	C:\WINDOWS\SYSTEM32\VERSION.dll
0x00007ffca9320000 - 0x00007ffca932f000 	F:\java\jre\bin\verify.dll
0x00007ffc835f0000 - 0x00007ffc83619000 	F:\java\jre\bin\java.dll
0x00007ffc835d0000 - 0x00007ffc835e6000 	F:\java\jre\bin\zip.dll

VM Arguments:
jvm_args: -Dfile.encoding=GBK 
java_command: package1.StudentGUI
java_class_path (initial): F:\eclipse\JDBCtest\bin;F:\eclipse\JDBCtest\mysql-connector-java-5.0.8\mysql-connector-java-5.0.8-bin.jar
Launcher Type: SUN_STANDARD

Environment Variables:
JAVA_HOME=F:\java
CLASSPATH=.;F:\java\bin;F:\java\lib\tools.jar; 
PATH=F:/java/bin/../jre/bin/server;F:/java/bin/../jre/bin;F:/java/bin/../jre/lib/amd64;F:\python\;F:\python\Scripts;C:;F:\java\bin;F:\java\jre\bin;\ProgramData\Oracle\Java\javapath;C:\Windows\system32;C:\Windows;C:\Windows\System32\Wbem;C:\Windows\System32\WindowsPowerShell\v1.0\;C:\Program Files (x86)\NVIDIA Corporation\PhysX\Common;C:\Program Files\Intel\WiFi\bin\;C:\Program Files\Common Files\Intel\WirelessCommon\;D:\MATLAB\runtime\win64;D:\MATLAB\bin\win32;D:\MATLAB\bin;D:\graphviz\bin;D:\MATLAB\polyspace\bin;C:\WINDOWS\system32;C:\WINDOWS;C:\WINDOWS\System32\Wbem;C:\WINDOWS\System32\WindowsPowerShell\v1.0\;C:\WINDOWS\System32\OpenSSH\;C:\Program Files\dotnet\;F:\MySql\mysql-8.0.15-winx64\bin；;F:\cocos\cocos2d-x-3.17\templates;F:\cocos\cocos2d-x-3.17\tools\cocos2d-console\bin;D:\Vc\Tools\WinNT;D:\Vc\MSDev98\Bin;D:\Vc\Tools;C:\Program Files\Microsoft Visual Studio\VC98\bin;%USERPROFILE%\AppData\Local\Microsoft\WindowsApps;;F:\eclipse\eclipse-java-2018-12-R-win32-x86_64\eclipse;
USERNAME=chenwei
OS=Windows_NT
PROCESSOR_IDENTIFIER=Intel64 Family 6 Model 78 Stepping 3, GenuineIntel



---------------  S Y S T E M  ---------------

OS: Windows 10.0 , 64 bit Build 17134 (10.0.17134.753)

CPU:total 4 (initial active 4) (2 cores per cpu, 2 threads per core) family 6 model 78 stepping 3, cmov, cx8, fxsr, mmx, sse, sse2, sse3, ssse3, sse4.1, sse4.2, popcnt, avx, avx2, aes, clmul, erms, 3dnowpref, lzcnt, ht, tsc, tscinvbit, bmi1, bmi2, adx

Memory: 4k page, physical 4097952k(688032k free), swap 9051036k(5124k free)

vm_info: Java HotSpot(TM) 64-Bit Server VM (25.201-b09) for windows-amd64 JRE (1.8.0_201-b09), built on Dec 15 2018 18:36:39 by "java_re" with MS VC++ 10.0 (VS2010)

time: Wed May 22 21:21:08 2019
timezone: 中国标准时间
elapsed time: 0 seconds (0d 0h 0m 0s)

